<?xml version="1.0" encoding="UTF-8"?>
<!-- Generated by org.testng.reporters.JUnitReportReporter -->
<testsuite skipped="0" hostname="IXED-LAP0263" name="script.ValidLogin_Logout_Test" tests="1" failures="0" timestamp="01 Aug 2019 08:47:55 GMT" time="21.718" errors="0">
  <testcase name="validLoginLogoutTest" time="21.718" classname="script.ValidLogin_Logout_Test"/>
</testsuite> <!-- script.ValidLogin_Logout_Test -->
