<?xml version="1.0" encoding="UTF-8"?>
<!-- Generated by org.testng.reporters.JUnitReportReporter -->
<testsuite skipped="0" hostname="IXED-LAP0263" name="script.CorporateRegistrationMandatory_Test" tests="1" failures="0" timestamp="23 Jul 2019 11:46:39 GMT" time="32.811" errors="0">
  <testcase name="CorporateRegistrationmandatorycheck" time="32.811" classname="script.CorporateRegistrationMandatory_Test"/>
</testsuite> <!-- script.CorporateRegistrationMandatory_Test -->
