<?xml version="1.0" encoding="UTF-8"?>
<!-- Generated by org.testng.reporters.JUnitReportReporter -->
<testsuite skipped="0" hostname="IXED-LAP0263" name="script.Login_Invalid_Test" tests="1" failures="0" timestamp="19 Jul 2019 12:06:57 GMT" time="24.593" errors="0">
  <testcase name="InvalidLoginTest" time="24.593" classname="script.Login_Invalid_Test"/>
</testsuite> <!-- script.Login_Invalid_Test -->
