<?xml version="1.0" encoding="UTF-8"?>
<!-- Generated by org.testng.reporters.JUnitReportReporter -->
<testsuite skipped="0" hostname="IXED-LAP0263" name="script.EntityCIFMappingSearchTest" tests="1" failures="0" timestamp="12 Jul 2019 10:47:24 GMT" time="44.721" errors="0">
  <testcase name="EntityCIFMappingCreation" time="44.721" classname="script.EntityCIFMappingSearchTest"/>
</testsuite> <!-- script.EntityCIFMappingSearchTest -->
