<?xml version="1.0" encoding="UTF-8"?>
<!-- Generated by org.testng.reporters.JUnitReportReporter -->
<testsuite skipped="0" hostname="IXED-LAP0263" name="script.ValidLogin_Test" tests="1" failures="0" timestamp="01 Jul 2019 09:00:15 GMT" time="13.184" errors="0">
  <testcase name="validLoginTest" time="13.184" classname="script.ValidLogin_Test"/>
</testsuite> <!-- script.ValidLogin_Test -->
